
transmittal-start-mig:
     [echo] Transmittal Migration - MIG
     [java] 2014-08-07 10:05:31,896 ERROR [main] (utility.Configuration.getString:43) - DB.Query.GetAuditDocuments could not be found
     [java] 2014-08-07 10:05:32,593 ERROR [main] (database.DatabaseQueries.createMockTransmittalData:1079) - Exception:- SQLException executing the following statement: 
     [java] com.microsoft.sqlserver.jdbc.SQLServerException: Cannot insert the value NULL into column 'unique_id', table 'MIG_DB .ecm_migration.transmittal'; column does not allow nulls. INSERT fails.
     [java] 	at com.microsoft.sqlserver.jdbc.SQLServerException.makeFromDatabaseError(SQLServerException.java:197)
     [java] 	at com.microsoft.sqlserver.jdbc.SQLServerStatement.getNextResult(SQLServerStatement.java:1493)
     [java] 	at com.microsoft.sqlserver.jdbc.SQLServerStatement.doExecuteStatement(SQLServerStatement.java:775)
     [java] 	at com.microsoft.sqlserver.jdbc.SQLServerStatement$StmtExecCmd.doExecute(SQLServerStatement.java:676)
     [java] 	at com.microsoft.sqlserver.jdbc.TDSCommand.execute(IOBuffer.java:4575)
     [java] 	at com.microsoft.sqlserver.jdbc.SQLServerConnection.executeCommand(SQLServerConnection.java:1400)
     [java] 	at com.microsoft.sqlserver.jdbc.SQLServerStatement.executeCommand(SQLServerStatement.java:179)
     [java] 	at com.microsoft.sqlserver.jdbc.SQLServerStatement.executeStatement(SQLServerStatement.java:154)
     [java] 	at com.microsoft.sqlserver.jdbc.SQLServerStatement.executeUpdate(SQLServerStatement.java:633)
     [java] 	at com.edf.nnb.ba.ecm.migration.database.DatabaseQueries.createMockTransmittalData(DatabaseQueries.java:1068)
     [java] 	at com.edf.nnb.ba.ecm.migration.StartTransmittalMigration.start(StartTransmittalMigration.java:92)
     [java] 	at com.edf.nnb.ba.ecm.migration.StartTransmittalMigration.main(StartTransmittalMigration.java:64)
     [java] 	at sun.reflect.NativeMethodAccessorImpl.invoke0(Native Method)
     [java] 	at sun.reflect.NativeMethodAccessorImpl.invoke(NativeMethodAccessorImpl.java:39)
     [java] 	at sun.reflect.DelegatingMethodAccessorImpl.invoke(DelegatingMethodAccessorImpl.java:25)
     [java] 	at java.lang.reflect.Method.invoke(Method.java:597)
     [java] 	at org.apache.tools.ant.taskdefs.ExecuteJava.run(ExecuteJava.java:217)
     [java] 	at org.apache.tools.ant.taskdefs.ExecuteJava.execute(ExecuteJava.java:152)
     [java] 	at org.apache.tools.ant.taskdefs.Java.run(Java.java:771)
     [java] 	at org.apache.tools.ant.taskdefs.Java.executeJava(Java.java:221)
     [java] 	at org.apache.tools.ant.taskdefs.Java.executeJava(Java.java:135)
     [java] 	at org.apache.tools.ant.taskdefs.Java.execute(Java.java:108)
     [java] 	at org.apache.tools.ant.UnknownElement.execute(UnknownElement.java:292)
     [java] 	at sun.reflect.NativeMethodAccessorImpl.invoke0(Native Method)
     [java] 	at sun.reflect.NativeMethodAccessorImpl.invoke(NativeMethodAccessorImpl.java:39)
     [java] 	at sun.reflect.DelegatingMethodAccessorImpl.invoke(DelegatingMethodAccessorImpl.java:25)
     [java] 	at java.lang.reflect.Method.invoke(Method.java:597)
     [java] 	at org.apache.tools.ant.dispatch.DispatchUtils.execute(DispatchUtils.java:106)
     [java] 	at org.apache.tools.ant.Task.perform(Task.java:348)
     [java] 	at org.apache.tools.ant.Target.execute(Target.java:435)
     [java] 	at org.apache.tools.ant.Target.performTasks(Target.java:456)
     [java] 	at org.apache.tools.ant.Project.executeSortedTargets(Project.java:1393)
     [java] 	at org.apache.tools.ant.Project.executeTarget(Project.java:1364)
     [java] 	at org.apache.tools.ant.helper.DefaultExecutor.executeTargets(DefaultExecutor.java:41)
     [java] 	at org.apache.tools.ant.Project.executeTargets(Project.java:1248)
     [java] 	at org.apache.tools.ant.Main.runBuild(Main.java:851)
     [java] 	at org.apache.tools.ant.Main.startAnt(Main.java:235)
     [java] 	at org.apache.tools.ant.launch.Launcher.run(Launcher.java:280)
     [java] 	at org.apache.tools.ant.launch.Launcher.main(Launcher.java:109)
     [java] 1583 [main] WARN com.documentum.fc.common.impl.logging.LoggingConfigurator  - Using default log4j configuration
     [java] 4036 [main] WARN com.documentum.fc.client.impl.bof.classmgmt.ModuleManager  - [DFC_BOF_COULDNT_CONNECT_TO_REGISTRY] Unable to connect to module registry, docbase name ECM_MIG username dm_bof_registry.
     [java] DfDocbrokerException:: THREAD: main; MSG: [DFC_DOCBROKER_REQUEST_FAILED] Request to Docbroker "migration.cs1:2489" failed; ERRORCODE: ff; NEXT: null
     [java] 	at com.documentum.fc.client.DfDocbrokerException.newRequestFailedException(DfDocbrokerException.java:12)
     [java] 	at com.documentum.fc.client.impl.connection.docbroker.DocbrokerConnection.<init>(DocbrokerConnection.java:30)
     [java] 	at com.documentum.fc.client.impl.connection.docbroker.DocbrokerConnectionFactory.newDocbrokerConnection(DocbrokerConnectionFactory.java:27)
     [java] 	at com.documentum.fc.client.impl.docbroker.MapBuilder.issueRequest(MapBuilder.java:27)
     [java] 	at com.documentum.fc.client.impl.docbroker.ServerMapBuilder.getDataFromDocbroker(ServerMapBuilder.java:76)
     [java] 	at com.documentum.fc.client.impl.docbroker.ServerMapBuilder.getMap(ServerMapBuilder.java:35)
     [java] 	at com.documentum.fc.client.impl.docbroker.DocbrokerClient.getServerMap(DocbrokerClient.java:152)
     [java] 	at com.documentum.fc.client.impl.connection.docbase.ServerChoiceManager.updateServerChoices(ServerChoiceManager.java:158)
     [java] 	at com.documentum.fc.client.impl.connection.docbase.ServerChoiceManager.updateServerChoicesIfNecessary(ServerChoiceManager.java:147)
     [java] 	at com.documentum.fc.client.impl.connection.docbase.ServerChoiceManager.getServerChoices(ServerChoiceManager.java:46)
     [java] 	at com.documentum.fc.client.impl.connection.docbase.DocbaseConnection.getServerChoices(DocbaseConnection.java:270)
     [java] 	at com.documentum.fc.client.impl.connection.docbase.DocbaseConnection.establishNewRpcClient(DocbaseConnection.java:224)
     [java] 	at com.documentum.fc.client.impl.connection.docbase.DocbaseConnection.open(DocbaseConnection.java:123)
     [java] 	at com.documentum.fc.client.impl.connection.docbase.DocbaseConnection.<init>(DocbaseConnection.java:97)
     [java] 	at com.documentum.fc.client.impl.connection.docbase.DocbaseConnection.<init>(DocbaseConnection.java:60)
     [java] 	at com.documentum.fc.client.impl.connection.docbase.DocbaseConnectionFactory.newDocbaseConnection(DocbaseConnectionFactory.java:26)
     [java] 	at com.documentum.fc.client.impl.connection.docbase.DocbaseConnectionManager.getDocbaseConnection(DocbaseConnectionManager.java:85)
     [java] 	at com.documentum.fc.client.impl.session.SessionFactory.newSession(SessionFactory.java:29)
     [java] 	at com.documentum.fc.client.impl.session.PrincipalAwareSessionFactory.newSession(PrincipalAwareSessionFactory.java:42)
     [java] 	at com.documentum.fc.client.impl.session.PooledSessionFactory.newSession(PooledSessionFactory.java:47)
     [java] 	at com.documentum.fc.client.impl.session.SessionManager.getSessionFromFactory(SessionManager.java:111)
     [java] 	at com.documentum.fc.client.impl.session.SessionManager.newSession(SessionManager.java:64)
     [java] 	at com.documentum.fc.client.impl.session.SessionManager.getSession(SessionManager.java:168)
     [java] 	at com.documentum.fc.client.impl.bof.classmgmt.ModuleManager.connect(ModuleManager.java:353)
     [java] 	at com.documentum.fc.client.impl.bof.classmgmt.ModuleManager.init(ModuleManager.java:308)
     [java] 	at com.documentum.fc.client.impl.bof.classmgmt.ModuleManager.getInstance(ModuleManager.java:35)
     [java] 	at com.documentum.fc.client.security.impl.DfcIdentityPublisher.<init>(DfcIdentityPublisher.java:44)
     [java] 	at com.documentum.fc.client.security.internal.RegistrationMgr.register(RegistrationMgr.java:34)
     [java] 	at com.documentum.fc.impl.RuntimeContext.<clinit>(RuntimeContext.java:191)
     [java] 	at com.documentum.fc.client.DfClient.<clinit>(DfClient.java:734)
     [java] 	at com.documentum.com.DfClientX.getLocalClient(DfClientX.java:43)
     [java] 	at com.edf.nnb.ba.ecm.migration.repository.RepositoryManager.authenticate(RepositoryManager.java:176)
     [java] 	at com.edf.nnb.ba.ecm.migration.TransmittalLoader.validateCredentials(TransmittalLoader.java:159)
     [java] 	at com.edf.nnb.ba.ecm.migration.TransmittalLoader.startLoading(TransmittalLoader.java:111)
     [java] 	at com.edf.nnb.ba.ecm.migration.StartTransmittalMigration.start(StartTransmittalMigration.java:101)
     [java] 	at com.edf.nnb.ba.ecm.migration.StartTransmittalMigration.main(StartTransmittalMigration.java:64)
     [java] 	at sun.reflect.NativeMethodAccessorImpl.invoke0(Native Method)
     [java] 	at sun.reflect.NativeMethodAccessorImpl.invoke(NativeMethodAccessorImpl.java:39)
     [java] 	at sun.reflect.DelegatingMethodAccessorImpl.invoke(DelegatingMethodAccessorImpl.java:25)
     [java] 	at java.lang.reflect.Method.invoke(Method.java:597)
     [java] 	at org.apache.tools.ant.taskdefs.ExecuteJava.run(ExecuteJava.java:217)
     [java] 	at org.apache.tools.ant.taskdefs.ExecuteJava.execute(ExecuteJava.java:152)
     [java] 	at org.apache.tools.ant.taskdefs.Java.run(Java.java:771)
     [java] 	at org.apache.tools.ant.taskdefs.Java.executeJava(Java.java:221)
     [java] 	at org.apache.tools.ant.taskdefs.Java.executeJava(Java.java:135)
     [java] 	at org.apache.tools.ant.taskdefs.Java.execute(Java.java:108)
     [java] 	at org.apache.tools.ant.UnknownElement.execute(UnknownElement.java:292)
     [java] 	at sun.reflect.NativeMethodAccessorImpl.invoke0(Native Method)
     [java] 	at sun.reflect.NativeMethodAccessorImpl.invoke(NativeMethodAccessorImpl.java:39)
     [java] 	at sun.reflect.DelegatingMethodAccessorImpl.invoke(DelegatingMethodAccessorImpl.java:25)
     [java] 	at java.lang.reflect.Method.invoke(Method.java:597)
     [java] 	at org.apache.tools.ant.dispatch.DispatchUtils.execute(DispatchUtils.java:106)
     [java] 	at org.apache.tools.ant.Task.perform(Task.java:348)
     [java] 	at org.apache.tools.ant.Target.execute(Target.java:435)
     [java] 	at org.apache.tools.ant.Target.performTasks(Target.java:456)
     [java] 	at org.apache.tools.ant.Project.executeSortedTargets(Project.java:1393)
     [java] 	at org.apache.tools.ant.Project.executeTarget(Project.java:1364)
     [java] 	at org.apache.tools.ant.helper.DefaultExecutor.executeTargets(DefaultExecutor.java:41)
     [java] 	at org.apache.tools.ant.Project.executeTargets(Project.java:1248)
     [java] 	at org.apache.tools.ant.Main.runBuild(Main.java:851)
     [java] 	at org.apache.tools.ant.Main.startAnt(Main.java:235)
     [java] 	at org.apache.tools.ant.launch.Launcher.run(Launcher.java:280)
     [java] 	at org.apache.tools.ant.launch.Launcher.main(Launcher.java:109)
     [java] Caused by: DfIOException:: THREAD: main; MSG: [DM_SESSION_E_RPC_ERROR]error:  "Server communication failure"; ERRORCODE: 100; NEXT: null
     [java] 	at com.documentum.fc.client.DfIOException.newCommunicationFailureException(DfIOException.java:16)
     [java] 	at com.documentum.fc.client.impl.connection.docbroker.netwise.NetwiseDocbrokerRpcClientFactory.newDocbrokerRpcClient(NetwiseDocbrokerRpcClientFactory.java:40)
     [java] 	at com.documentum.fc.client.impl.connection.docbroker.DocbrokerConnection.<init>(DocbrokerConnection.java:25)
     [java] 	... 61 more
     [java] Caused by: java.io.IOException: migration.cs1
     [java] 	at com.documentum.fc.client.impl.connection.docbroker.netwise.NetwiseDocbrokerRpcClientFactory.resolveHostNameCorrectly(NetwiseDocbrokerRpcClientFactory.java:322)
     [java] 	at com.documentum.fc.client.impl.connection.docbroker.netwise.NetwiseDocbrokerRpcClientFactory.connect(NetwiseDocbrokerRpcClientFactory.java:114)
     [java] 	at com.documentum.fc.client.impl.connection.docbroker.netwise.NetwiseDocbrokerRpcClientFactory.openSocket(NetwiseDocbrokerRpcClientFactory.java:94)
     [java] 	at com.documentum.fc.client.impl.connection.docbroker.netwise.NetwiseDocbrokerRpcClientFactory.newDocbrokerRpcClient(NetwiseDocbrokerRpcClientFactory.java:36)
     [java] 	... 62 more
     [java] 4051 [main] WARN com.documentum.fc.client.security.internal.RegistrationMgr  - [DFC_SECURITY_GR_PUBLICATION_FAILED] Publication of DFC instance with global registry failed
     [java] DfException:: THREAD: main; MSG: [DFC_BOF_GLOBAL_REGISTRY_UNAVAILABLE] Unable to connect to the global registry no session; ERRORCODE: ff; NEXT: null
     [java] 	at com.documentum.fc.client.security.impl.DfcIdentityPublisher.<init>(DfcIdentityPublisher.java:55)
     [java] 	at com.documentum.fc.client.security.internal.RegistrationMgr.register(RegistrationMgr.java:34)
     [java] 	at com.documentum.fc.impl.RuntimeContext.<clinit>(RuntimeContext.java:191)
     [java] 	at com.documentum.fc.client.DfClient.<clinit>(DfClient.java:734)
     [java] 	at com.documentum.com.DfClientX.getLocalClient(DfClientX.java:43)
     [java] 	at com.edf.nnb.ba.ecm.migration.repository.RepositoryManager.authenticate(RepositoryManager.java:176)
     [java] 	at com.edf.nnb.ba.ecm.migration.TransmittalLoader.validateCredentials(TransmittalLoader.java:159)
     [java] 	at com.edf.nnb.ba.ecm.migration.TransmittalLoader.startLoading(TransmittalLoader.java:111)
     [java] 	at com.edf.nnb.ba.ecm.migration.StartTransmittalMigration.start(StartTransmittalMigration.java:101)
     [java] 	at com.edf.nnb.ba.ecm.migration.StartTransmittalMigration.main(StartTransmittalMigration.java:64)
     [java] 	at sun.reflect.NativeMethodAccessorImpl.invoke0(Native Method)
     [java] 	at sun.reflect.NativeMethodAccessorImpl.invoke(NativeMethodAccessorImpl.java:39)
     [java] 	at sun.reflect.DelegatingMethodAccessorImpl.invoke(DelegatingMethodAccessorImpl.java:25)
     [java] 	at java.lang.reflect.Method.invoke(Method.java:597)
     [java] 	at org.apache.tools.ant.taskdefs.ExecuteJava.run(ExecuteJava.java:217)
     [java] 	at org.apache.tools.ant.taskdefs.ExecuteJava.execute(ExecuteJava.java:152)
     [java] 	at org.apache.tools.ant.taskdefs.Java.run(Java.java:771)
     [java] 	at org.apache.tools.ant.taskdefs.Java.executeJava(Java.java:221)
     [java] 	at org.apache.tools.ant.taskdefs.Java.executeJava(Java.java:135)
     [java] 	at org.apache.tools.ant.taskdefs.Java.execute(Java.java:108)
     [java] 	at org.apache.tools.ant.UnknownElement.execute(UnknownElement.java:292)
     [java] 	at sun.reflect.NativeMethodAccessorImpl.invoke0(Native Method)
     [java] 	at sun.reflect.NativeMethodAccessorImpl.invoke(NativeMethodAccessorImpl.java:39)
     [java] 	at sun.reflect.DelegatingMethodAccessorImpl.invoke(DelegatingMethodAccessorImpl.java:25)
     [java] 	at java.lang.reflect.Method.invoke(Method.java:597)
     [java] 	at org.apache.tools.ant.dispatch.DispatchUtils.execute(DispatchUtils.java:106)
     [java] 	at org.apache.tools.ant.Task.perform(Task.java:348)
     [java] 	at org.apache.tools.ant.Target.execute(Target.java:435)
     [java] 	at org.apache.tools.ant.Target.performTasks(Target.java:456)
     [java] 	at org.apache.tools.ant.Project.executeSortedTargets(Project.java:1393)
     [java] 	at org.apache.tools.ant.Project.executeTarget(Project.java:1364)
     [java] 	at org.apache.tools.ant.helper.DefaultExecutor.executeTargets(DefaultExecutor.java:41)
     [java] 	at org.apache.tools.ant.Project.executeTargets(Project.java:1248)
     [java] 	at org.apache.tools.ant.Main.runBuild(Main.java:851)
     [java] 	at org.apache.tools.ant.Main.startAnt(Main.java:235)
     [java] 	at org.apache.tools.ant.launch.Launcher.run(Launcher.java:280)
     [java] 	at org.apache.tools.ant.launch.Launcher.main(Launcher.java:109)
     [java] 2014-08-07 10:05:35,955 FATAL [main] (migration.TransmittalLoader.startLoading:126) - Exception:- RepositoryException;DfDocbrokerException:: THREAD: main; MSG: [DFC_DOCBROKER_REQUEST_FAILED] Request to Docbroker "migration.cs1:2489" failed; ERRORCODE: ff; NEXT: null
     [java] 	at com.documentum.fc.client.DfDocbrokerException.newRequestFailedException(DfDocbrokerException.java:12)
     [java] 	at com.documentum.fc.client.impl.connection.docbroker.DocbrokerConnection.<init>(DocbrokerConnection.java:30)
     [java] 	at com.documentum.fc.client.impl.connection.docbroker.DocbrokerConnectionFactory.newDocbrokerConnection(DocbrokerConnectionFactory.java:27)
     [java] 	at com.documentum.fc.client.impl.docbroker.MapBuilder.issueRequest(MapBuilder.java:27)
     [java] 	at com.documentum.fc.client.impl.docbroker.ServerMapBuilder.getDataFromDocbroker(ServerMapBuilder.java:76)
     [java] 	at com.documentum.fc.client.impl.docbroker.ServerMapBuilder.getMap(ServerMapBuilder.java:35)
     [java] 	at com.documentum.fc.client.impl.docbroker.DocbrokerClient.getServerMap(DocbrokerClient.java:152)
     [java] 	at com.documentum.fc.client.impl.connection.docbase.ServerChoiceManager.updateServerChoices(ServerChoiceManager.java:158)
     [java] 	at com.documentum.fc.client.impl.connection.docbase.ServerChoiceManager.updateServerChoicesIfNecessary(ServerChoiceManager.java:147)
     [java] 	at com.documentum.fc.client.impl.connection.docbase.ServerChoiceManager.getServerChoices(ServerChoiceManager.java:46)
     [java] 	at com.documentum.fc.client.impl.connection.docbase.DocbaseConnection.getServerChoices(DocbaseConnection.java:270)
     [java] 	at com.documentum.fc.client.impl.connection.docbase.DocbaseConnection.establishNewRpcClient(DocbaseConnection.java:224)
     [java] 	at com.documentum.fc.client.impl.connection.docbase.DocbaseConnection.open(DocbaseConnection.java:123)
     [java] 	at com.documentum.fc.client.impl.connection.docbase.DocbaseConnection.<init>(DocbaseConnection.java:97)
     [java] 	at com.documentum.fc.client.impl.connection.docbase.DocbaseConnection.<init>(DocbaseConnection.java:60)
     [java] 	at com.documentum.fc.client.impl.connection.docbase.DocbaseConnectionFactory.newDocbaseConnection(DocbaseConnectionFactory.java:26)
     [java] 	at com.documentum.fc.client.impl.connection.docbase.DocbaseConnectionManager.getDocbaseConnection(DocbaseConnectionManager.java:85)
     [java] 	at com.documentum.fc.client.impl.session.SessionFactory.newSession(SessionFactory.java:29)
     [java] 	at com.documentum.fc.client.impl.session.PrincipalAwareSessionFactory.newSession(PrincipalAwareSessionFactory.java:42)
     [java] 	at com.documentum.fc.client.impl.session.PooledSessionFactory.newSession(PooledSessionFactory.java:47)
     [java] 	at com.documentum.fc.client.impl.session.SessionManager.getSessionFromFactory(SessionManager.java:111)
     [java] 	at com.documentum.fc.client.impl.session.SessionManager.newSession(SessionManager.java:64)
     [java] 	at com.documentum.fc.client.impl.session.SessionManager.authenticate(SessionManager.java:191)
     [java] 	at com.edf.nnb.ba.ecm.migration.repository.RepositoryManager.authenticate(RepositoryManager.java:194)
     [java] 	at com.edf.nnb.ba.ecm.migration.TransmittalLoader.validateCredentials(TransmittalLoader.java:159)
     [java] 	at com.edf.nnb.ba.ecm.migration.TransmittalLoader.startLoading(TransmittalLoader.java:111)
     [java] 	at com.edf.nnb.ba.ecm.migration.StartTransmittalMigration.start(StartTransmittalMigration.java:101)
     [java] 	at com.edf.nnb.ba.ecm.migration.StartTransmittalMigration.main(StartTransmittalMigration.java:64)
     [java] 	at sun.reflect.NativeMethodAccessorImpl.invoke0(Native Method)
     [java] 	at sun.reflect.NativeMethodAccessorImpl.invoke(NativeMethodAccessorImpl.java:39)
     [java] 	at sun.reflect.DelegatingMethodAccessorImpl.invoke(DelegatingMethodAccessorImpl.java:25)
     [java] 	at java.lang.reflect.Method.invoke(Method.java:597)
     [java] 	at org.apache.tools.ant.taskdefs.ExecuteJava.run(ExecuteJava.java:217)
     [java] 	at org.apache.tools.ant.taskdefs.ExecuteJava.execute(ExecuteJava.java:152)
     [java] 	at org.apache.tools.ant.taskdefs.Java.run(Java.java:771)
     [java] 	at org.apache.tools.ant.taskdefs.Java.executeJava(Java.java:221)
     [java] 	at org.apache.tools.ant.taskdefs.Java.executeJava(Java.java:135)
     [java] 	at org.apache.tools.ant.taskdefs.Java.execute(Java.java:108)
     [java] 	at org.apache.tools.ant.UnknownElement.execute(UnknownElement.java:292)
     [java] 	at sun.reflect.NativeMethodAccessorImpl.invoke0(Native Method)
     [java] 	at sun.reflect.NativeMethodAccessorImpl.invoke(NativeMethodAccessorImpl.java:39)
     [java] 	at sun.reflect.DelegatingMethodAccessorImpl.invoke(DelegatingMethodAccessorImpl.java:25)
     [java] 	at java.lang.reflect.Method.invoke(Method.java:597)
     [java] 	at org.apache.tools.ant.dispatch.DispatchUtils.execute(DispatchUtils.java:106)
     [java] 	at org.apache.tools.ant.Task.perform(Task.java:348)
     [java] 	at org.apache.tools.ant.Target.execute(Target.java:435)
     [java] 	at org.apache.tools.ant.Target.performTasks(Target.java:456)
     [java] 	at org.apache.tools.ant.Project.executeSortedTargets(Project.java:1393)
     [java] 	at org.apache.tools.ant.Project.executeTarget(Project.java:1364)
     [java] 	at org.apache.tools.ant.helper.DefaultExecutor.executeTargets(DefaultExecutor.java:41)
     [java] 	at org.apache.tools.ant.Project.executeTargets(Project.java:1248)
     [java] 	at org.apache.tools.ant.Main.runBuild(Main.java:851)
     [java] 	at org.apache.tools.ant.Main.startAnt(Main.java:235)
     [java] 	at org.apache.tools.ant.launch.Launcher.run(Launcher.java:280)
     [java] 	at org.apache.tools.ant.launch.Launcher.main(Launcher.java:109)
     [java] Caused by: DfIOException:: THREAD: main; MSG: [DM_SESSION_E_RPC_ERROR]error:  "Server communication failure"; ERRORCODE: 100; NEXT: null
     [java] 	at com.documentum.fc.client.DfIOException.newCommunicationFailureException(DfIOException.java:16)
     [java] 	at com.documentum.fc.client.impl.connection.docbroker.netwise.NetwiseDocbrokerRpcClientFactory.newDocbrokerRpcClient(NetwiseDocbrokerRpcClientFactory.java:40)
     [java] 	at com.documentum.fc.client.impl.connection.docbroker.DocbrokerConnection.<init>(DocbrokerConnection.java:25)
     [java] 	... 53 more
     [java] Caused by: java.io.IOException: migration.cs1
     [java] 	at com.documentum.fc.client.impl.connection.docbroker.netwise.NetwiseDocbrokerRpcClientFactory.resolveHostNameCorrectly(NetwiseDocbrokerRpcClientFactory.java:322)
     [java] 	at com.documentum.fc.client.impl.connection.docbroker.netwise.NetwiseDocbrokerRpcClientFactory.connect(NetwiseDocbrokerRpcClientFactory.java:114)
     [java] 	at com.documentum.fc.client.impl.connection.docbroker.netwise.NetwiseDocbrokerRpcClientFactory.openSocket(NetwiseDocbrokerRpcClientFactory.java:94)
     [java] 	at com.documentum.fc.client.impl.connection.docbroker.netwise.NetwiseDocbrokerRpcClientFactory.newDocbrokerRpcClient(NetwiseDocbrokerRpcClientFactory.java:36)
     [java] 	... 54 more
     [java] 
     [java] com.edf.nnb.ba.ecm.migration.repository.RepositoryException: DfDocbrokerException:: THREAD: main; MSG: [DFC_DOCBROKER_REQUEST_FAILED] Request to Docbroker "migration.cs1:2489" failed; ERRORCODE: ff; NEXT: null
     [java] 	at com.documentum.fc.client.DfDocbrokerException.newRequestFailedException(DfDocbrokerException.java:12)
     [java] 	at com.documentum.fc.client.impl.connection.docbroker.DocbrokerConnection.<init>(DocbrokerConnection.java:30)
     [java] 	at com.documentum.fc.client.impl.connection.docbroker.DocbrokerConnectionFactory.newDocbrokerConnection(DocbrokerConnectionFactory.java:27)
     [java] 	at com.documentum.fc.client.impl.docbroker.MapBuilder.issueRequest(MapBuilder.java:27)
     [java] 	at com.documentum.fc.client.impl.docbroker.ServerMapBuilder.getDataFromDocbroker(ServerMapBuilder.java:76)
     [java] 	at com.documentum.fc.client.impl.docbroker.ServerMapBuilder.getMap(ServerMapBuilder.java:35)
     [java] 	at com.documentum.fc.client.impl.docbroker.DocbrokerClient.getServerMap(DocbrokerClient.java:152)
     [java] 	at com.documentum.fc.client.impl.connection.docbase.ServerChoiceManager.updateServerChoices(ServerChoiceManager.java:158)
     [java] 	at com.documentum.fc.client.impl.connection.docbase.ServerChoiceManager.updateServerChoicesIfNecessary(ServerChoiceManager.java:147)
     [java] 	at com.documentum.fc.client.impl.connection.docbase.ServerChoiceManager.getServerChoices(ServerChoiceManager.java:46)
     [java] 	at com.documentum.fc.client.impl.connection.docbase.DocbaseConnection.getServerChoices(DocbaseConnection.java:270)
     [java] 	at com.documentum.fc.client.impl.connection.docbase.DocbaseConnection.establishNewRpcClient(DocbaseConnection.java:224)
     [java] 	at com.documentum.fc.client.impl.connection.docbase.DocbaseConnection.open(DocbaseConnection.java:123)
     [java] 	at com.documentum.fc.client.impl.connection.docbase.DocbaseConnection.<init>(DocbaseConnection.java:97)
     [java] 	at com.documentum.fc.client.impl.connection.docbase.DocbaseConnection.<init>(DocbaseConnection.java:60)
     [java] 	at com.documentum.fc.client.impl.connection.docbase.DocbaseConnectionFactory.newDocbaseConnection(DocbaseConnectionFactory.java:26)
     [java] 	at com.documentum.fc.client.impl.connection.docbase.DocbaseConnectionManager.getDocbaseConnection(DocbaseConnectionManager.java:85)
     [java] 	at com.documentum.fc.client.impl.session.SessionFactory.newSession(SessionFactory.java:29)
     [java] 	at com.documentum.fc.client.impl.session.PrincipalAwareSessionFactory.newSession(PrincipalAwareSessionFactory.java:42)
     [java] 	at com.documentum.fc.client.impl.session.PooledSessionFactory.newSession(PooledSessionFactory.java:47)
     [java] 	at com.documentum.fc.client.impl.session.SessionManager.getSessionFromFactory(SessionManager.java:111)
     [java] 	at com.documentum.fc.client.impl.session.SessionManager.newSession(SessionManager.java:64)
     [java] 	at com.documentum.fc.client.impl.session.SessionManager.authenticate(SessionManager.java:191)
     [java] 	at com.edf.nnb.ba.ecm.migration.repository.RepositoryManager.authenticate(RepositoryManager.java:194)
     [java] 	at com.edf.nnb.ba.ecm.migration.TransmittalLoader.validateCredentials(TransmittalLoader.java:159)
     [java] 	at com.edf.nnb.ba.ecm.migration.TransmittalLoader.startLoading(TransmittalLoader.java:111)
     [java] 	at com.edf.nnb.ba.ecm.migration.StartTransmittalMigration.start(StartTransmittalMigration.java:101)
     [java] 	at com.edf.nnb.ba.ecm.migration.StartTransmittalMigration.main(StartTransmittalMigration.java:64)
     [java] 	at sun.reflect.NativeMethodAccessorImpl.invoke0(Native Method)
     [java] 	at sun.reflect.NativeMethodAccessorImpl.invoke(NativeMethodAccessorImpl.java:39)
     [java] 	at sun.reflect.DelegatingMethodAccessorImpl.invoke(DelegatingMethodAccessorImpl.java:25)
     [java] 	at java.lang.reflect.Method.invoke(Method.java:597)
     [java] 	at org.apache.tools.ant.taskdefs.ExecuteJava.run(ExecuteJava.java:217)
     [java] 	at org.apache.tools.ant.taskdefs.ExecuteJava.execute(ExecuteJava.java:152)
     [java] 	at org.apache.tools.ant.taskdefs.Java.run(Java.java:771)
     [java] 	at org.apache.tools.ant.taskdefs.Java.executeJava(Java.java:221)
     [java] 	at org.apache.tools.ant.taskdefs.Java.executeJava(Java.java:135)
     [java] 	at org.apache.tools.ant.taskdefs.Java.execute(Java.java:108)
     [java] 	at org.apache.tools.ant.UnknownElement.execute(UnknownElement.java:292)
     [java] 	at sun.reflect.NativeMethodAccessorImpl.invoke0(Native Method)
     [java] 	at sun.reflect.NativeMethodAccessorImpl.invoke(NativeMethodAccessorImpl.java:39)
     [java] 	at sun.reflect.DelegatingMethodAccessorImpl.invoke(DelegatingMethodAccessorImpl.java:25)
     [java] 	at java.lang.reflect.Method.invoke(Method.java:597)
     [java] 	at org.apache.tools.ant.dispatch.DispatchUtils.execute(DispatchUtils.java:106)
     [java] 	at org.apache.tools.ant.Task.perform(Task.java:348)
     [java] 	at org.apache.tools.ant.Target.execute(Target.java:435)
     [java] 	at org.apache.tools.ant.Target.performTasks(Target.java:456)
     [java] 	at org.apache.tools.ant.Project.executeSortedTargets(Project.java:1393)
     [java] 	at org.apache.tools.ant.Project.executeTarget(Project.java:1364)
     [java] 	at org.apache.tools.ant.helper.DefaultExecutor.executeTargets(DefaultExecutor.java:41)
     [java] 	at org.apache.tools.ant.Project.executeTargets(Project.java:1248)
     [java] 	at org.apache.tools.ant.Main.runBuild(Main.java:851)
     [java] 	at org.apache.tools.ant.Main.startAnt(Main.java:235)
     [java] 	at org.apache.tools.ant.launch.Launcher.run(Launcher.java:280)
     [java] 	at org.apache.tools.ant.launch.Launcher.main(Launcher.java:109)
     [java] Caused by: DfIOException:: THREAD: main; MSG: [DM_SESSION_E_RPC_ERROR]error:  "Server communication failure"; ERRORCODE: 100; NEXT: null
     [java] 	at com.documentum.fc.client.DfIOException.newCommunicationFailureException(DfIOException.java:16)
     [java] 	at com.documentum.fc.client.impl.connection.docbroker.netwise.NetwiseDocbrokerRpcClientFactory.newDocbrokerRpcClient(NetwiseDocbrokerRpcClientFactory.java:40)
     [java] 	at com.documentum.fc.client.impl.connection.docbroker.DocbrokerConnection.<init>(DocbrokerConnection.java:25)
     [java] 	... 53 more
     [java] Caused by: java.io.IOException: migration.cs1
     [java] 	at com.documentum.fc.client.impl.connection.docbroker.netwise.NetwiseDocbrokerRpcClientFactory.resolveHostNameCorrectly(NetwiseDocbrokerRpcClientFactory.java:322)
     [java] 	at com.documentum.fc.client.impl.connection.docbroker.netwise.NetwiseDocbrokerRpcClientFactory.connect(NetwiseDocbrokerRpcClientFactory.java:114)
     [java] 	at com.documentum.fc.client.impl.connection.docbroker.netwise.NetwiseDocbrokerRpcClientFactory.openSocket(NetwiseDocbrokerRpcClientFactory.java:94)
     [java] 	at com.documentum.fc.client.impl.connection.docbroker.netwise.NetwiseDocbrokerRpcClientFactory.newDocbrokerRpcClient(NetwiseDocbrokerRpcClientFactory.java:36)
     [java] 	... 54 more
     [java] 
     [java] 	at com.edf.nnb.ba.ecm.migration.repository.RepositoryManager.authenticate(RepositoryManager.java:205)
     [java] 	at com.edf.nnb.ba.ecm.migration.TransmittalLoader.validateCredentials(TransmittalLoader.java:159)
     [java] 	at com.edf.nnb.ba.ecm.migration.TransmittalLoader.startLoading(TransmittalLoader.java:111)
     [java] 	at com.edf.nnb.ba.ecm.migration.StartTransmittalMigration.start(StartTransmittalMigration.java:101)
     [java] 	at com.edf.nnb.ba.ecm.migration.StartTransmittalMigration.main(StartTransmittalMigration.java:64)
     [java] 	at sun.reflect.NativeMethodAccessorImpl.invoke0(Native Method)
     [java] 	at sun.reflect.NativeMethodAccessorImpl.invoke(NativeMethodAccessorImpl.java:39)
     [java] 	at sun.reflect.DelegatingMethodAccessorImpl.invoke(DelegatingMethodAccessorImpl.java:25)
     [java] 	at java.lang.reflect.Method.invoke(Method.java:597)
     [java] 	at org.apache.tools.ant.taskdefs.ExecuteJava.run(ExecuteJava.java:217)
     [java] 	at org.apache.tools.ant.taskdefs.ExecuteJava.execute(ExecuteJava.java:152)
     [java] 	at org.apache.tools.ant.taskdefs.Java.run(Java.java:771)
     [java] 	at org.apache.tools.ant.taskdefs.Java.executeJava(Java.java:221)
     [java] 	at org.apache.tools.ant.taskdefs.Java.executeJava(Java.java:135)
     [java] 	at org.apache.tools.ant.taskdefs.Java.execute(Java.java:108)
     [java] 	at org.apache.tools.ant.UnknownElement.execute(UnknownElement.java:292)
     [java] 	at sun.reflect.NativeMethodAccessorImpl.invoke0(Native Method)
     [java] 	at sun.reflect.NativeMethodAccessorImpl.invoke(NativeMethodAccessorImpl.java:39)
     [java] 	at sun.reflect.DelegatingMethodAccessorImpl.invoke(DelegatingMethodAccessorImpl.java:25)
     [java] 	at java.lang.reflect.Method.invoke(Method.java:597)
     [java] 	at org.apache.tools.ant.dispatch.DispatchUtils.execute(DispatchUtils.java:106)
     [java] 	at org.apache.tools.ant.Task.perform(Task.java:348)
     [java] 	at org.apache.tools.ant.Target.execute(Target.java:435)
     [java] 	at org.apache.tools.ant.Target.performTasks(Target.java:456)
     [java] 	at org.apache.tools.ant.Project.executeSortedTargets(Project.java:1393)
     [java] 	at org.apache.tools.ant.Project.executeTarget(Project.java:1364)
     [java] 	at org.apache.tools.ant.helper.DefaultExecutor.executeTargets(DefaultExecutor.java:41)
     [java] 	at org.apache.tools.ant.Project.executeTargets(Project.java:1248)
     [java] 	at org.apache.tools.ant.Main.runBuild(Main.java:851)
     [java] 	at org.apache.tools.ant.Main.startAnt(Main.java:235)
     [java] 	at org.apache.tools.ant.launch.Launcher.run(Launcher.java:280)
     [java] 	at org.apache.tools.ant.launch.Launcher.main(Launcher.java:109)

BUILD SUCCESSFUL
Total time: 4 seconds
