2014-08-07 10:05:35,955 FATAL [main] (migration.TransmittalLoader.startLoading:126) - Exception:- RepositoryException;DfDocbrokerException:: THREAD: main; MSG: [DFC_DOCBROKER_REQUEST_FAILED] Request to Docbroker "migration.cs1:2489" failed; ERRORCODE: ff; NEXT: null
	at com.documentum.fc.client.DfDocbrokerException.newRequestFailedException(DfDocbrokerException.java:12)
	at com.documentum.fc.client.impl.connection.docbroker.DocbrokerConnection.<init>(DocbrokerConnection.java:30)
	at com.documentum.fc.client.impl.connection.docbroker.DocbrokerConnectionFactory.newDocbrokerConnection(DocbrokerConnectionFactory.java:27)
	at com.documentum.fc.client.impl.docbroker.MapBuilder.issueRequest(MapBuilder.java:27)
	at com.documentum.fc.client.impl.docbroker.ServerMapBuilder.getDataFromDocbroker(ServerMapBuilder.java:76)
	at com.documentum.fc.client.impl.docbroker.ServerMapBuilder.getMap(ServerMapBuilder.java:35)
	at com.documentum.fc.client.impl.docbroker.DocbrokerClient.getServerMap(DocbrokerClient.java:152)
	at com.documentum.fc.client.impl.connection.docbase.ServerChoiceManager.updateServerChoices(ServerChoiceManager.java:158)
	at com.documentum.fc.client.impl.connection.docbase.ServerChoiceManager.updateServerChoicesIfNecessary(ServerChoiceManager.java:147)
	at com.documentum.fc.client.impl.connection.docbase.ServerChoiceManager.getServerChoices(ServerChoiceManager.java:46)
	at com.documentum.fc.client.impl.connection.docbase.DocbaseConnection.getServerChoices(DocbaseConnection.java:270)
	at com.documentum.fc.client.impl.connection.docbase.DocbaseConnection.establishNewRpcClient(DocbaseConnection.java:224)
	at com.documentum.fc.client.impl.connection.docbase.DocbaseConnection.open(DocbaseConnection.java:123)
	at com.documentum.fc.client.impl.connection.docbase.DocbaseConnection.<init>(DocbaseConnection.java:97)
	at com.documentum.fc.client.impl.connection.docbase.DocbaseConnection.<init>(DocbaseConnection.java:60)
	at com.documentum.fc.client.impl.connection.docbase.DocbaseConnectionFactory.newDocbaseConnection(DocbaseConnectionFactory.java:26)
	at com.documentum.fc.client.impl.connection.docbase.DocbaseConnectionManager.getDocbaseConnection(DocbaseConnectionManager.java:85)
	at com.documentum.fc.client.impl.session.SessionFactory.newSession(SessionFactory.java:29)
	at com.documentum.fc.client.impl.session.PrincipalAwareSessionFactory.newSession(PrincipalAwareSessionFactory.java:42)
	at com.documentum.fc.client.impl.session.PooledSessionFactory.newSession(PooledSessionFactory.java:47)
	at com.documentum.fc.client.impl.session.SessionManager.getSessionFromFactory(SessionManager.java:111)
	at com.documentum.fc.client.impl.session.SessionManager.newSession(SessionManager.java:64)
	at com.documentum.fc.client.impl.session.SessionManager.authenticate(SessionManager.java:191)
	at com.edf.nnb.ba.ecm.migration.repository.RepositoryManager.authenticate(RepositoryManager.java:194)
	at com.edf.nnb.ba.ecm.migration.TransmittalLoader.validateCredentials(TransmittalLoader.java:159)
	at com.edf.nnb.ba.ecm.migration.TransmittalLoader.startLoading(TransmittalLoader.java:111)
	at com.edf.nnb.ba.ecm.migration.StartTransmittalMigration.start(StartTransmittalMigration.java:101)
	at com.edf.nnb.ba.ecm.migration.StartTransmittalMigration.main(StartTransmittalMigration.java:64)
	at sun.reflect.NativeMethodAccessorImpl.invoke0(Native Method)
	at sun.reflect.NativeMethodAccessorImpl.invoke(NativeMethodAccessorImpl.java:39)
	at sun.reflect.DelegatingMethodAccessorImpl.invoke(DelegatingMethodAccessorImpl.java:25)
	at java.lang.reflect.Method.invoke(Method.java:597)
	at org.apache.tools.ant.taskdefs.ExecuteJava.run(ExecuteJava.java:217)
	at org.apache.tools.ant.taskdefs.ExecuteJava.execute(ExecuteJava.java:152)
	at org.apache.tools.ant.taskdefs.Java.run(Java.java:771)
	at org.apache.tools.ant.taskdefs.Java.executeJava(Java.java:221)
	at org.apache.tools.ant.taskdefs.Java.executeJava(Java.java:135)
	at org.apache.tools.ant.taskdefs.Java.execute(Java.java:108)
	at org.apache.tools.ant.UnknownElement.execute(UnknownElement.java:292)
	at sun.reflect.NativeMethodAccessorImpl.invoke0(Native Method)
	at sun.reflect.NativeMethodAccessorImpl.invoke(NativeMethodAccessorImpl.java:39)
	at sun.reflect.DelegatingMethodAccessorImpl.invoke(DelegatingMethodAccessorImpl.java:25)
	at java.lang.reflect.Method.invoke(Method.java:597)
	at org.apache.tools.ant.dispatch.DispatchUtils.execute(DispatchUtils.java:106)
	at org.apache.tools.ant.Task.perform(Task.java:348)
	at org.apache.tools.ant.Target.execute(Target.java:435)
	at org.apache.tools.ant.Target.performTasks(Target.java:456)
	at org.apache.tools.ant.Project.executeSortedTargets(Project.java:1393)
	at org.apache.tools.ant.Project.executeTarget(Project.java:1364)
	at org.apache.tools.ant.helper.DefaultExecutor.executeTargets(DefaultExecutor.java:41)
	at org.apache.tools.ant.Project.executeTargets(Project.java:1248)
	at org.apache.tools.ant.Main.runBuild(Main.java:851)
	at org.apache.tools.ant.Main.startAnt(Main.java:235)
	at org.apache.tools.ant.launch.Launcher.run(Launcher.java:280)
	at org.apache.tools.ant.launch.Launcher.main(Launcher.java:109)
Caused by: DfIOException:: THREAD: main; MSG: [DM_SESSION_E_RPC_ERROR]error:  "Server communication failure"; ERRORCODE: 100; NEXT: null
	at com.documentum.fc.client.DfIOException.newCommunicationFailureException(DfIOException.java:16)
	at com.documentum.fc.client.impl.connection.docbroker.netwise.NetwiseDocbrokerRpcClientFactory.newDocbrokerRpcClient(NetwiseDocbrokerRpcClientFactory.java:40)
	at com.documentum.fc.client.impl.connection.docbroker.DocbrokerConnection.<init>(DocbrokerConnection.java:25)
	... 53 more
Caused by: java.io.IOException: migration.cs1
	at com.documentum.fc.client.impl.connection.docbroker.netwise.NetwiseDocbrokerRpcClientFactory.resolveHostNameCorrectly(NetwiseDocbrokerRpcClientFactory.java:322)
	at com.documentum.fc.client.impl.connection.docbroker.netwise.NetwiseDocbrokerRpcClientFactory.connect(NetwiseDocbrokerRpcClientFactory.java:114)
	at com.documentum.fc.client.impl.connection.docbroker.netwise.NetwiseDocbrokerRpcClientFactory.openSocket(NetwiseDocbrokerRpcClientFactory.java:94)
	at com.documentum.fc.client.impl.connection.docbroker.netwise.NetwiseDocbrokerRpcClientFactory.newDocbrokerRpcClient(NetwiseDocbrokerRpcClientFactory.java:36)
	... 54 more

2014-08-07 10:05:35,967 INFO  [main] (migration.StartTransmittalMigration.start:125) - Audit and Transmittal migration has finished!
